<?xml version="1.0" encoding="UTF-8"?>
<testng-results ignored="0" total="1" passed="1" failed="0" skipped="0">
  <reporter-output>
  </reporter-output>
  <suite started-at="2023-10-23T13:03:04 EET" name="Default suite" finished-at="2023-10-23T13:03:06 EET" duration-ms="1822">
    <groups>
    </groups>
    <test started-at="2023-10-23T13:03:04 EET" name="Default test" finished-at="2023-10-23T13:03:06 EET" duration-ms="1822">
      <class name="project2.myClass">
        <test-method is-config="true" signature="mySetup()[pri:0, instance:project2.myClass@75e01201]" started-at="2023-10-23T13:03:04 EET" name="mySetup" finished-at="2023-10-23T13:03:06 EET" duration-ms="1790" status="PASS">
          <reporter-output>
          </reporter-output>
        </test-method> <!-- mySetup -->
        <test-method signature="myFirstTest()[pri:0, instance:project2.myClass@75e01201]" started-at="2023-10-23T13:03:06 EET" name="myFirstTest" finished-at="2023-10-23T13:03:06 EET" duration-ms="4" status="PASS">
          <reporter-output>
          </reporter-output>
        </test-method> <!-- myFirstTest -->
        <test-method is-config="true" signature="myPostTest()[pri:0, instance:project2.myClass@75e01201]" started-at="2023-10-23T13:03:06 EET" name="myPostTest" finished-at="2023-10-23T13:03:06 EET" duration-ms="0" status="PASS">
          <reporter-output>
          </reporter-output>
        </test-method> <!-- myPostTest -->
      </class> <!-- project2.myClass -->
    </test> <!-- Default test -->
  </suite> <!-- Default suite -->
</testng-results>
